\BOOKMARK [1][-]{section.1}{\376\377\000L\000e\000s\000s\000o\000n\000\040\0001\000\040\000I\000N\000T\000R\000O\000D\000U\000C\000T\000I\000O\000N\000\040\000T\000O\000\040\000P\000Y\000T\000H\000O\000N\000\040\000F\000O\000R\000\040\000D\000I\000G\000I\000T\000A\000L\000\040\000H\000U\000M\000A\000N\000I\000T\000I\000E\000S}{}% 1
\BOOKMARK [2][-]{subsection.1.1}{\376\377\000R\000e\000s\000o\000u\000r\000c\000e\000s}{section.1}% 2
\BOOKMARK [2][-]{subsection.1.2}{\376\377\000A\000u\000d\000i\000e\000n\000c\000e}{section.1}% 3
\BOOKMARK [2][-]{subsection.1.3}{\376\377\000R\000e\000q\000u\000i\000r\000e\000m\000e\000n\000t\000s}{section.1}% 4
\BOOKMARK [2][-]{subsection.1.4}{\376\377\000A\000c\000k\000n\000o\000w\000l\000e\000d\000g\000e\000m\000e\000n\000t\000s}{section.1}% 5
\BOOKMARK [2][-]{subsection.1.5}{\376\377\000C\000o\000p\000y\000r\000i\000g\000h\000t}{section.1}% 6
\BOOKMARK [2][-]{subsection.1.6}{\376\377\000W\000h\000a\000t\000\040\000i\000s\000\040\000P\000y\000t\000h\000o\000n}{section.1}% 7
\BOOKMARK [2][-]{subsection.1.7}{\376\377\000W\000h\000y\000\040\000P\000y\000t\000h\000o\000n}{section.1}% 8
\BOOKMARK [2][-]{subsection.1.8}{\376\377\000I\000n\000s\000t\000a\000l\000l\000i\000n\000g\000\040\000P\000y\000t\000h\000o\000n}{section.1}% 9
\BOOKMARK [3][-]{subsubsection.1.8.1}{\376\377\000T\000e\000x\000t\000\040\000E\000d\000i\000t\000o\000r\000s}{subsection.1.8}% 10
\BOOKMARK [2][-]{subsection.1.9}{\376\377\000P\000y\000t\000h\000o\000n\000i\000c}{section.1}% 11
\BOOKMARK [1][-]{section.2}{\376\377\000P\000A\000R\000T\000\040\0001\000\040\000W\000O\000R\000K\000I\000N\000G\000\040\000W\000I\000T\000H\000\040\000D\000A\000T\000A\000\040\000I\000N\000\040\000P\000Y\000T\000H\000O\000N\000\040\000S\000C\000R\000I\000P\000T\000S}{}% 12
\BOOKMARK [2][-]{subsection.2.1}{\376\377\000L\000e\000s\000s\000o\000n\000\040\0002\000:\000\040\000S\000t\000o\000r\000y\000\040\000D\000a\000t\000a\000\040\000i\000n\000\040\000P\000y\000t\000h\000o\000n\000\040\000S\000c\000r\000i\000p\000t}{section.2}% 13
\BOOKMARK [2][-]{subsection.2.2}{\376\377\000L\000e\000s\000s\000o\000n\000\040\0003\000:\000\040\000I\000n\000t\000e\000r\000a\000c\000t\000i\000n\000g\000\040\000w\000i\000t\000h\000\040\000S\000t\000r\000i\000n\000g\000s\000\040\000i\000n\000\040\000a\000\040\000P\000y\000t\000h\000o\000n\000\040\000S\000c\000r\000i\000p\000t}{section.2}% 14
\BOOKMARK [2][-]{subsection.2.3}{\376\377\000L\000e\000s\000s\000o\000n\000\040\0004\000:\000\040\000I\000n\000t\000e\000r\000a\000c\000t\000i\000n\000g\000\040\000w\000i\000t\000h\000\040\000N\000u\000m\000b\000e\000r\000s\000\040\000i\000n\000\040\000P\000y\000t\000h\000o\000n\000\040\000\050\000I\000n\000t\000e\000g\000e\000r\000s\000\040\000a\000n\000d\000\040\000F\000l\000o\000a\000t\000s\000\051}{section.2}% 15
\BOOKMARK [1][-]{section.3}{\376\377\000P\000A\000R\000T\000\040\0002\000\040\000D\000A\000T\000A\000\040\000S\000T\000R\000U\000C\000T\000U\000R\000E\000S\000\040\000I\000N\000\040\000P\000Y\000T\000H\000O\000N}{}% 16
\BOOKMARK [2][-]{subsection.3.1}{\376\377\000L\000e\000s\000s\000o\000n\000\040\0005\000:\000\040\000C\000r\000e\000a\000t\000i\000n\000g\000\040\000a\000n\000d\000\040\000W\000o\000r\000k\000i\000n\000g\000\040\000w\000i\000t\000h\000\040\000T\000y\000p\000e\000s\000\040\000i\000n\000\040\000P\000y\000t\000h\000o\000n}{section.3}% 17
\BOOKMARK [2][-]{subsection.3.2}{\376\377\000L\000e\000s\000s\000o\000n\000\040\0006\000:\000\040\000C\000r\000e\000a\000t\000i\000n\000g\000\040\000a\000n\000d\000\040\000W\000o\000r\000k\000i\000n\000g\000\040\000w\000i\000t\000h\000\040\000L\000i\000s\000t\000s\000\040\000i\000n\000\040\000P\000y\000t\000h\000o\000n}{section.3}% 18
\BOOKMARK [2][-]{subsection.3.3}{\376\377\000L\000e\000s\000s\000o\000n\000\040\0007\000:\000\040\000C\000r\000e\000a\000t\000i\000n\000g\000\040\000a\000n\000d\000\040\000W\000o\000r\000k\000i\000n\000g\000\040\000w\000i\000t\000h\000\040\000D\000i\000c\000t\000i\000o\000n\000a\000r\000i\000e\000s\000\040\000i\000n\000\040\000P\000y\000t\000h\000o\000n}{section.3}% 19
\BOOKMARK [1][-]{section.4}{\376\377\000P\000A\000R\000T\000\040\0003\000\040\000I\000N\000T\000E\000R\000A\000C\000T\000I\000N\000G\000\040\000W\000I\000T\000H\000\040\000D\000A\000T\000A\000\040\000S\000T\000R\000U\000C\000T\000U\000R\000E\000S\000\040\000I\000N\000\040\000P\000Y\000T\000H\000O\000N}{}% 20
\BOOKMARK [2][-]{subsection.4.1}{\376\377\000L\000e\000s\000s\000o\000n\000\040\0008\000:\000\040\000P\000y\000t\000h\000o\000n\000\040\000C\000o\000n\000d\000i\000t\000i\000o\000n\000a\000l\000s}{section.4}% 21
\BOOKMARK [2][-]{subsection.4.2}{\376\377\000L\000e\000s\000s\000o\000n\000\040\0009\000:\000\040\000P\000y\000t\000h\000o\000n\000\040\000L\000o\000o\000p\000s}{section.4}% 22
\BOOKMARK [2][-]{subsection.4.3}{\376\377\000L\000e\000s\000s\000o\000n\000\040\0001\0000\000:\000\040\000P\000y\000t\000h\000o\000n\000\040\000F\000u\000n\000c\000t\000i\000o\000n\000s}{section.4}% 23
\BOOKMARK [2][-]{subsection.4.4}{\376\377\000L\000e\000s\000s\000o\000n\000\040\0001\0001\000:\000\040\000P\000y\000t\000h\000o\000n\000\040\000C\000l\000a\000s\000s\000e\000s}{section.4}% 24
\BOOKMARK [1][-]{section.5}{\376\377\000P\000A\000R\000T\000\040\0004\000\040\000W\000O\000R\000K\000I\000N\000G\000\040\000W\000I\000T\000H\000\040\000T\000E\000X\000T\000\040\000D\000A\000T\000A}{}% 25
\BOOKMARK [2][-]{subsection.5.1}{\376\377\000L\000e\000s\000s\000o\000n\000\040\0001\0002\000:\000\040\000P\000y\000t\000h\000o\000n\000\040\000a\000n\000d\000\040\000T\000e\000x\000t\000\040\000F\000i\000l\000e\000s}{section.5}% 26
\BOOKMARK [2][-]{subsection.5.2}{\376\377\000L\000e\000s\000s\000o\000n\000\040\0001\0003\000:\000\040\000P\000y\000t\000h\000o\000n\000\040\000a\000n\000d\000\040\000M\000o\000d\000u\000l\000e\000s\000\040\000a\000n\000d\000\040\000L\000i\000b\000r\000a\000r\000i\000e\000s}{section.5}% 27
\BOOKMARK [2][-]{subsection.5.3}{\376\377\000L\000e\000s\000s\000o\000n\000\040\0001\0004\000:\000\040\000W\000o\000r\000k\000i\000n\000g\000\040\000w\000i\000t\000h\000\040\000R\000e\000g\000e\000x\000\040\000L\000i\000b\000r\000a\000r\000y\000\040\000\050\0001\000\051}{section.5}% 28
\BOOKMARK [2][-]{subsection.5.4}{\376\377\000L\000e\000s\000s\000o\000n\000\040\0001\0005\000:\000\040\000W\000o\000r\000k\000i\000n\000g\000\040\000W\000i\000t\000h\000\040\000R\000e\000g\000e\000x\000\040\000L\000i\000b\000r\000a\000r\000y\000\040\000\050\0002\000\051}{section.5}% 29
\BOOKMARK [1][-]{section.6}{\376\377\000P\000A\000R\000T\000\040\0005\000\040\000P\000Y\000T\000H\000O\000N\000\040\000A\000N\000D\000\040\000W\000O\000R\000K\000I\000N\000G\000\040\000W\000I\000T\000H\000\040\000D\000A\000T\000A\000\040\000S\000T\000O\000R\000E\000D\000\040\000I\000N\000\040\000E\000X\000C\000E\000L}{}% 30
\BOOKMARK [2][-]{subsection.6.1}{\376\377\000L\000e\000s\000s\000o\000n\000\040\0001\0006\000:\000\040\000R\000e\000a\000d\000i\000n\000g\000\040\000D\000a\000t\000a\000\040\000f\000r\000o\000m\000\040\000E\000x\000c\000e\000l\000\040\000U\000s\000i\000n\000g\000\040\000t\000h\000e\000\040\000X\000L\000R\000D\000\040\000L\000i\000b\000r\000a\000r\000y}{section.6}% 31
\BOOKMARK [2][-]{subsection.6.2}{\376\377\000L\000e\000s\000s\000o\000n\000\040\0001\0007\000:\000\040\000S\000e\000a\000r\000c\000h\000i\000n\000g\000\040\000D\000a\000t\000a\000\040\000I\000m\000p\000o\000r\000t\000e\000d\000\040\000f\000r\000o\000m\000\040\000E\000x\000c\000e\000l}{section.6}% 32
\BOOKMARK [2][-]{subsection.6.3}{\376\377\000L\000e\000s\000s\000o\000n\000\040\0001\0008\000:\000\040\000W\000r\000i\000t\000i\000n\000g\000\040\000D\000a\000t\000a\000\040\000t\000o\000\040\000E\000x\000c\000e\000l\000\040\000F\000i\000l\000e\000s\000\040\000u\000s\000i\000n\000g\000\040\000t\000h\000e\000\040\000X\000L\000S\000W\000X\000W\000R\000I\000T\000E\000R\000\040\000L\000i\000b\000r\000a\000r\000y}{section.6}% 33
\BOOKMARK [1][-]{section.7}{\376\377\000P\000A\000R\000T\000\040\0006\000\040\000P\000Y\000T\000H\000O\000N\000\040\000A\000N\000D\000\040\000W\000O\000R\000K\000I\000N\000G\000\040\000W\000I\000T\000H\000\040\000D\000A\000T\000A\000\040\000F\000R\000O\000M\000\040\000T\000H\000E\000\040\000W\000E\000B}{}% 34
\BOOKMARK [2][-]{subsection.7.1}{\376\377\000L\000e\000s\000s\000o\000n\000\040\0001\0009\000:\000\040\000F\000i\000n\000d\000i\000n\000g\000\040\000H\000T\000M\000L\000\040\000C\000o\000d\000e\000\040\000f\000r\000o\000m\000\040\000a\000\040\000w\000e\000b\000s\000i\000t\000e}{section.7}% 35
\BOOKMARK [2][-]{subsection.7.2}{\376\377\000L\000e\000s\000s\000o\000n\000\040\0002\0000\000:\000\040\000U\000s\000i\000n\000g\000\040\000t\000h\000e\000\040\000P\000y\000t\000h\000o\000n\000\040\000L\000i\000b\000r\000a\000r\000y\000\040\000R\000e\000q\000u\000e\000s\000t\000s\000\040\000t\000o\000\040\000I\000n\000t\000e\000r\000a\000c\000t\000\040\000w\000i\000t\000h\000\040\000a\000\040\000W\000e\000b\000s\000i\000t\000e}{section.7}% 36
\BOOKMARK [2][-]{subsection.7.3}{\376\377\000L\000e\000s\000s\000o\000n\000\040\0002\0001\000:\000\040\000U\000s\000i\000n\000g\000\040\000t\000h\000e\000\040\000P\000y\000t\000h\000o\000n\000\040\000L\000i\000b\000r\000a\000r\000y\000\040\000B\000e\000a\000u\000t\000i\000f\000u\000l\000\040\000S\000o\000u\000p\000\040\000t\000o\000\040\000R\000i\000p\000\040\000D\000a\000t\000a\000\040\000f\000r\000o\000m\000\040\000a\000\040\000W\000e\000b\000s\000i\000t\000e}{section.7}% 37
\BOOKMARK [1][-]{section.8}{\376\377\000P\000A\000R\000T\000\040\0007\000\040\000P\000Y\000T\000H\000O\000N\000\040\000A\000N\000D\000\040\000W\000A\000Y\000S\000\040\000T\000O\000\040\000S\000T\000O\000R\000E\000\040\000D\000A\000T\000A}{}% 38
\BOOKMARK [2][-]{subsection.8.1}{\376\377\000L\000e\000s\000s\000o\000n\000\040\0002\0002\000:\000\040\000S\000t\000o\000r\000i\000n\000g\000\040\000D\000a\000t\000a\000\040\000i\000n\000\040\000T\000e\000x\000t\000\040\000F\000i\000l\000e\000s}{section.8}% 39
\BOOKMARK [2][-]{subsection.8.2}{\376\377\000L\000e\000s\000s\000o\000n\000\040\0002\0003\000:\000\040\000S\000t\000o\000r\000i\000n\000g\000\040\000D\000a\000t\000a\000\040\000i\000n\000\040\000X\000M\000L\000\040\000F\000i\000l\000e\000s}{section.8}% 40
